<?xml version="1.0" encoding="UTF-8"?>
<coverage generated="1606068982623" clover="3.2.0">
  <project timestamp="1606068982623" name="All files">
    <metrics statements="83" coveredstatements="83" conditionals="42" coveredconditionals="42" methods="18" coveredmethods="18" elements="143" coveredelements="143" complexity="0" loc="83" ncloc="83" packages="1" files="8" classes="8"/>
    <file name="addSuit.ts" path="/home/jcgouleau/IdeaProjects/solitaire/addSuit.ts">
      <metrics statements="12" coveredstatements="12" conditionals="18" coveredconditionals="18" methods="1" coveredmethods="1"/>
      <line num="3" count="1" type="stmt"/>
      <line num="4" count="1" type="stmt"/>
      <line num="5" count="1" type="stmt"/>
      <line num="7" count="1" type="stmt"/>
      <line num="9" count="14" type="cond" truecount="4" falsecount="0"/>
      <line num="10" count="2" type="stmt"/>
      <line num="11" count="12" type="cond" truecount="2" falsecount="0"/>
      <line num="12" count="3" type="stmt"/>
      <line num="13" count="9" type="cond" truecount="7" falsecount="0"/>
      <line num="17" count="2" type="stmt"/>
      <line num="18" count="7" type="cond" truecount="5" falsecount="0"/>
      <line num="19" count="4" type="stmt"/>
    </file>
    <file name="color.ts" path="/home/jcgouleau/IdeaProjects/solitaire/color.ts">
      <metrics statements="2" coveredstatements="2" conditionals="2" coveredconditionals="2" methods="1" coveredmethods="1"/>
      <line num="1" count="1" type="cond" truecount="2" falsecount="0"/>
      <line num="2" count="1" type="stmt"/>
    </file>
    <file name="createRandomDesk.ts" path="/home/jcgouleau/IdeaProjects/solitaire/createRandomDesk.ts">
      <metrics statements="9" coveredstatements="9" conditionals="0" coveredconditionals="0" methods="3" coveredmethods="3"/>
      <line num="1" count="1" type="stmt"/>
      <line num="2" count="1" type="stmt"/>
      <line num="4" count="1" type="stmt"/>
      <line num="6" count="1" type="stmt"/>
      <line num="7" count="24" type="stmt"/>
      <line num="8" count="24" type="stmt"/>
      <line num="9" count="1248" type="stmt"/>
      <line num="11" count="24" type="stmt"/>
      <line num="13" count="24" type="stmt"/>
    </file>
    <file name="desk.ts" path="/home/jcgouleau/IdeaProjects/solitaire/desk.ts">
      <metrics statements="2" coveredstatements="2" conditionals="2" coveredconditionals="2" methods="1" coveredmethods="1"/>
      <line num="1" count="1" type="cond" truecount="2" falsecount="0"/>
      <line num="3" count="1" type="stmt"/>
    </file>
    <file name="draw.ts" path="/home/jcgouleau/IdeaProjects/solitaire/draw.ts">
      <metrics statements="5" coveredstatements="5" conditionals="0" coveredconditionals="0" methods="1" coveredmethods="1"/>
      <line num="3" count="1" type="stmt"/>
      <line num="4" count="29" type="stmt"/>
      <line num="5" count="29" type="stmt"/>
      <line num="6" count="29" type="stmt"/>
      <line num="7" count="29" type="stmt"/>
    </file>
    <file name="game.ts" path="/home/jcgouleau/IdeaProjects/solitaire/game.ts">
      <metrics statements="38" coveredstatements="38" conditionals="18" coveredconditionals="18" methods="9" coveredmethods="9"/>
      <line num="1" count="1" type="stmt"/>
      <line num="2" count="1" type="stmt"/>
      <line num="6" count="1" type="stmt"/>
      <line num="9" count="1" type="stmt"/>
      <line num="10" count="1" type="stmt"/>
      <line num="11" count="27" type="cond" truecount="4" falsecount="0"/>
      <line num="12" count="4" type="stmt"/>
      <line num="14" count="23" type="stmt"/>
      <line num="18" count="1" type="stmt"/>
      <line num="19" count="36" type="stmt"/>
      <line num="20" count="468" type="cond" truecount="4" falsecount="0"/>
      <line num="25" count="1" type="stmt"/>
      <line num="27" count="16" type="stmt"/>
      <line num="32" count="8" type="cond" truecount="2" falsecount="0"/>
      <line num="35" count="16" type="cond" truecount="2" falsecount="0"/>
      <line num="36" count="4" type="stmt"/>
      <line num="37" count="4" type="stmt"/>
      <line num="38" count="4" type="cond" truecount="4" falsecount="0"/>
      <line num="39" count="3" type="stmt"/>
      <line num="40" count="3" type="stmt"/>
      <line num="47" count="1" type="stmt"/>
      <line num="49" count="4" type="stmt"/>
      <line num="50" count="4" type="stmt"/>
      <line num="51" count="4" type="stmt"/>
      <line num="52" count="4" type="stmt"/>
      <line num="53" count="4" type="stmt"/>
      <line num="59" count="1" type="stmt"/>
      <line num="60" count="1" type="stmt"/>
      <line num="61" count="1" type="stmt"/>
      <line num="62" count="7" type="stmt"/>
      <line num="63" count="7" type="stmt"/>
      <line num="64" count="28" type="stmt"/>
      <line num="65" count="28" type="stmt"/>
      <line num="66" count="28" type="stmt"/>
      <line num="69" count="28" type="cond" truecount="2" falsecount="0"/>
      <line num="70" count="7" type="stmt"/>
      <line num="75" count="7" type="stmt"/>
      <line num="77" count="1" type="stmt"/>
    </file>
    <file name="getIndexOfCard.ts" path="/home/jcgouleau/IdeaProjects/solitaire/getIndexOfCard.ts">
      <metrics statements="6" coveredstatements="6" conditionals="2" coveredconditionals="2" methods="1" coveredmethods="1"/>
      <line num="2" count="1" type="stmt"/>
      <line num="4" count="1" type="stmt"/>
      <line num="7" count="6" type="stmt"/>
      <line num="8" count="23" type="cond" truecount="2" falsecount="0"/>
      <line num="9" count="6" type="stmt"/>
      <line num="12" count="6" type="stmt"/>
    </file>
    <file name="shuffle.ts" path="/home/jcgouleau/IdeaProjects/solitaire/shuffle.ts">
      <metrics statements="9" coveredstatements="9" conditionals="0" coveredconditionals="0" methods="1" coveredmethods="1"/>
      <line num="3" count="1" type="stmt"/>
      <line num="4" count="24" type="stmt"/>
      <line num="7" count="24" type="stmt"/>
      <line num="9" count="1248" type="stmt"/>
      <line num="12" count="1248" type="stmt"/>
      <line num="15" count="1248" type="stmt"/>
      <line num="16" count="1248" type="stmt"/>
      <line num="17" count="1248" type="stmt"/>
      <line num="20" count="24" type="stmt"/>
    </file>
  </project>
</coverage>
