{"/home/jcgouleau/IdeaProjects/solitaire/addSuit.ts": {"path":"/home/jcgouleau/IdeaProjects/solitaire/addSuit.ts","statementMap":{"0":{"start":{"line":3,"column":0},"end":{"line":3,"column":28}},"1":{"start":{"line":4,"column":0},"end":{"line":4,"column":31}},"2":{"start":{"line":5,"column":0},"end":{"line":5,"column":48}},"3":{"start":{"line":9,"column":4},"end":{"line":21,"column":null}},"4":{"start":{"line":10,"column":8},"end":{"line":10,"column":null}},"5":{"start":{"line":11,"column":11},"end":{"line":21,"column":null}},"6":{"start":{"line":12,"column":8},"end":{"line":12,"column":null}},"7":{"start":{"line":13,"column":11},"end":{"line":21,"column":null}},"8":{"start":{"line":17,"column":8},"end":{"line":17,"column":null}},"9":{"start":{"line":18,"column":11},"end":{"line":21,"column":null}},"10":{"start":{"line":19,"column":8},"end":{"line":19,"column":null}},"11":{"start":{"line":7,"column":0},"end":{"line":7,"column":16}}},"fnMap":{"0":{"name":"addSuit","decl":{"start":{"line":7,"column":16},"end":{"line":7,"column":23}},"loc":{"start":{"line":7,"column":54},"end":{"line":22,"column":1}}}},"branchMap":{"0":{"loc":{"start":{"line":9,"column":4},"end":{"line":21,"column":null}},"type":"if","locations":[{"start":{"line":9,"column":4},"end":{"line":21,"column":null}},{"start":{"line":9,"column":4},"end":{"line":21,"column":null}}]},"1":{"loc":{"start":{"line":9,"column":8},"end":{"line":9,"column":31}},"type":"binary-expr","locations":[{"start":{"line":9,"column":8},"end":{"line":9,"column":31}},{"start":{"line":9,"column":35},"end":{"line":9,"column":58}}]},"2":{"loc":{"start":{"line":11,"column":11},"end":{"line":21,"column":null}},"type":"if","locations":[{"start":{"line":11,"column":11},"end":{"line":21,"column":null}},{"start":{"line":11,"column":11},"end":{"line":21,"column":null}}]},"3":{"loc":{"start":{"line":13,"column":11},"end":{"line":21,"column":null}},"type":"if","locations":[{"start":{"line":13,"column":11},"end":{"line":21,"column":null}},{"start":{"line":13,"column":11},"end":{"line":21,"column":null}}]},"4":{"loc":{"start":{"line":13,"column":15},"end":{"line":13,"column":36}},"type":"binary-expr","locations":[{"start":{"line":13,"column":15},"end":{"line":13,"column":36}},{"start":{"line":13,"column":40},"end":{"line":13,"column":52}},{"start":{"line":13,"column":56},"end":{"line":13,"column":87}},{"start":{"line":14,"column":8},"end":{"line":14,"column":70}},{"start":{"line":15,"column":8},"end":{"line":15,"column":70}}]},"5":{"loc":{"start":{"line":18,"column":11},"end":{"line":21,"column":null}},"type":"if","locations":[{"start":{"line":18,"column":11},"end":{"line":21,"column":null}},{"start":{"line":18,"column":11},"end":{"line":21,"column":null}}]},"6":{"loc":{"start":{"line":18,"column":15},"end":{"line":18,"column":36}},"type":"binary-expr","locations":[{"start":{"line":18,"column":15},"end":{"line":18,"column":36}},{"start":{"line":18,"column":40},"end":{"line":18,"column":52}},{"start":{"line":18,"column":56},"end":{"line":18,"column":88}}]}},"s":{"0":1,"1":1,"2":1,"3":14,"4":2,"5":12,"6":3,"7":9,"8":2,"9":7,"10":4,"11":1},"f":{"0":14},"b":{"0":[2,12],"1":[14,6],"2":[3,9],"3":[2,7],"4":[9,8,8,4,3],"5":[4,3],"6":[7,6,6]}}
,"/home/jcgouleau/IdeaProjects/solitaire/color.ts": {"path":"/home/jcgouleau/IdeaProjects/solitaire/color.ts","statementMap":{"0":{"start":{"line":1,"column":0},"end":{"line":1,"column":null}},"1":{"start":{"line":2,"column":4},"end":{"line":2,"column":17}},"2":{"start":{"line":2,"column":17},"end":{"line":2,"column":31}},"3":{"start":{"line":2,"column":31},"end":{"line":2,"column":44}},"4":{"start":{"line":2,"column":44},"end":{"line":2,"column":null}}},"fnMap":{"0":{"name":"(anonymous_0)","decl":{"start":{"line":1,"column":0},"end":{"line":1,"column":12}},"loc":{"start":{"line":1,"column":17},"end":{"line":3,"column":1}}}},"branchMap":{"0":{"loc":{"start":{"line":1,"column":12},"end":{"line":1,"column":17}},"type":"binary-expr","locations":[{"start":{"line":1,"column":12},"end":{"line":1,"column":17}},{"start":{"line":1,"column":12},"end":{"line":1,"column":null}}]}},"s":{"0":1,"1":1,"2":1,"3":1,"4":1},"f":{"0":1},"b":{"0":[1,1]}}
,"/home/jcgouleau/IdeaProjects/solitaire/createRandomDesk.ts": {"path":"/home/jcgouleau/IdeaProjects/solitaire/createRandomDesk.ts","statementMap":{"0":{"start":{"line":1,"column":0},"end":{"line":1,"column":30}},"1":{"start":{"line":2,"column":0},"end":{"line":2,"column":28}},"2":{"start":{"line":4,"column":0},"end":{"line":4,"column":34}},"3":{"start":{"line":7,"column":23},"end":{"line":7,"column":25}},"4":{"start":{"line":8,"column":4},"end":{"line":10,"column":null}},"5":{"start":{"line":9,"column":8},"end":{"line":9,"column":null}},"6":{"start":{"line":9,"column":39},"end":{"line":9,"column":90}},"7":{"start":{"line":11,"column":4},"end":{"line":11,"column":18}},"8":{"start":{"line":13,"column":4},"end":{"line":13,"column":null}},"9":{"start":{"line":6,"column":0},"end":{"line":6,"column":16}}},"fnMap":{"0":{"name":"createRandomDesk","decl":{"start":{"line":6,"column":16},"end":{"line":6,"column":32}},"loc":{"start":{"line":6,"column":32},"end":{"line":14,"column":1}}},"1":{"name":"(anonymous_1)","decl":{"start":{"line":8,"column":29},"end":{"line":8,"column":32}},"loc":{"start":{"line":8,"column":32},"end":{"line":10,"column":5}}},"2":{"name":"(anonymous_2)","decl":{"start":{"line":9,"column":32},"end":{"line":9,"column":35}},"loc":{"start":{"line":9,"column":35},"end":{"line":9,"column":43}}}},"branchMap":{},"s":{"0":1,"1":1,"2":1,"3":24,"4":24,"5":96,"6":1248,"7":24,"8":24,"9":1},"f":{"0":24,"1":96,"2":1248},"b":{}}
,"/home/jcgouleau/IdeaProjects/solitaire/desk.ts": {"path":"/home/jcgouleau/IdeaProjects/solitaire/desk.ts","statementMap":{"0":{"start":{"line":1,"column":0},"end":{"line":1,"column":null}},"1":{"start":{"line":3,"column":4},"end":{"line":3,"column":15}},"2":{"start":{"line":3,"column":15},"end":{"line":3,"column":26}},"3":{"start":{"line":3,"column":26},"end":{"line":3,"column":39}},"4":{"start":{"line":3,"column":39},"end":{"line":3,"column":51}},"5":{"start":{"line":3,"column":51},"end":{"line":3,"column":63}},"6":{"start":{"line":3,"column":63},"end":{"line":3,"column":74}},"7":{"start":{"line":3,"column":74},"end":{"line":3,"column":87}},"8":{"start":{"line":3,"column":87},"end":{"line":3,"column":100}},"9":{"start":{"line":3,"column":100},"end":{"line":3,"column":112}},"10":{"start":{"line":3,"column":112},"end":{"line":3,"column":124}},"11":{"start":{"line":3,"column":124},"end":{"line":3,"column":136}},"12":{"start":{"line":3,"column":136},"end":{"line":3,"column":149}},"13":{"start":{"line":3,"column":149},"end":{"line":3,"column":null}}},"fnMap":{"0":{"name":"(anonymous_0)","decl":{"start":{"line":1,"column":0},"end":{"line":1,"column":12}},"loc":{"start":{"line":1,"column":16},"end":{"line":5,"column":1}}}},"branchMap":{"0":{"loc":{"start":{"line":1,"column":12},"end":{"line":1,"column":16}},"type":"binary-expr","locations":[{"start":{"line":1,"column":12},"end":{"line":1,"column":16}},{"start":{"line":1,"column":12},"end":{"line":1,"column":null}}]}},"s":{"0":1,"1":1,"2":1,"3":1,"4":1,"5":1,"6":1,"7":1,"8":1,"9":1,"10":1,"11":1,"12":1,"13":1},"f":{"0":1},"b":{"0":[1,1]}}
,"/home/jcgouleau/IdeaProjects/solitaire/draw.ts": {"path":"/home/jcgouleau/IdeaProjects/solitaire/draw.ts","statementMap":{"0":{"start":{"line":3,"column":13},"end":{"line":8,"column":2}},"1":{"start":{"line":4,"column":16},"end":{"line":4,"column":55}},"2":{"start":{"line":5,"column":19},"end":{"line":5,"column":30}},"3":{"start":{"line":6,"column":4},"end":{"line":6,"column":null}},"4":{"start":{"line":7,"column":4},"end":{"line":7,"column":28}}},"fnMap":{"0":{"name":"(anonymous_0)","decl":{"start":{"line":3,"column":20},"end":{"line":3,"column":21}},"loc":{"start":{"line":3,"column":33},"end":{"line":8,"column":1}}}},"branchMap":{},"s":{"0":1,"1":29,"2":29,"3":29,"4":29},"f":{"0":29},"b":{}}
,"/home/jcgouleau/IdeaProjects/solitaire/game.ts": {"path":"/home/jcgouleau/IdeaProjects/solitaire/game.ts","statementMap":{"0":{"start":{"line":1,"column":0},"end":{"line":1,"column":28}},"1":{"start":{"line":2,"column":0},"end":{"line":2,"column":30}},"2":{"start":{"line":6,"column":0},"end":{"line":6,"column":28}},"3":{"start":{"line":9,"column":13},"end":{"line":9,"column":60}},"4":{"start":{"line":10,"column":13},"end":{"line":16,"column":null}},"5":{"start":{"line":11,"column":4},"end":{"line":13,"column":null}},"6":{"start":{"line":12,"column":8},"end":{"line":12,"column":null}},"7":{"start":{"line":14,"column":4},"end":{"line":14,"column":39}},"8":{"start":{"line":18,"column":13},"end":{"line":23,"column":null}},"9":{"start":{"line":19,"column":4},"end":{"line":21,"column":null}},"10":{"start":{"line":20,"column":8},"end":{"line":20,"column":null}},"11":{"start":{"line":20,"column":71},"end":{"line":20,"column":null}},"12":{"start":{"line":25,"column":13},"end":{"line":29,"column":null}},"13":{"start":{"line":27,"column":4},"end":{"line":27,"column":115}},"14":{"start":{"line":27,"column":53},"end":{"line":27,"column":99}},"15":{"start":{"line":32,"column":13},"end":{"line":32,"column":104}},"16":{"start":{"line":32,"column":51},"end":{"line":32,"column":104}},"17":{"start":{"line":35,"column":4},"end":{"line":43,"column":null}},"18":{"start":{"line":36,"column":8},"end":{"line":36,"column":null}},"19":{"start":{"line":37,"column":42},"end":{"line":37,"column":64}},"20":{"start":{"line":38,"column":8},"end":{"line":42,"column":null}},"21":{"start":{"line":39,"column":12},"end":{"line":39,"column":null}},"22":{"start":{"line":40,"column":12},"end":{"line":40,"column":null}},"23":{"start":{"line":49,"column":21},"end":{"line":49,"column":34}},"24":{"start":{"line":50,"column":4},"end":{"line":50,"column":57}},"25":{"start":{"line":51,"column":4},"end":{"line":51,"column":58}},"26":{"start":{"line":52,"column":4},"end":{"line":52,"column":57}},"27":{"start":{"line":53,"column":4},"end":{"line":53,"column":60}},"28":{"start":{"line":47,"column":0},"end":{"line":47,"column":16}},"29":{"start":{"line":60,"column":32},"end":{"line":60,"column":34}},"30":{"start":{"line":61,"column":4},"end":{"line":76,"column":null}},"31":{"start":{"line":61,"column":17},"end":{"line":61,"column":18}},"32":{"start":{"line":62,"column":33},"end":{"line":62,"column":44}},"33":{"start":{"line":63,"column":8},"end":{"line":74,"column":null}},"34":{"start":{"line":63,"column":21},"end":{"line":63,"column":22}},"35":{"start":{"line":64,"column":24},"end":{"line":64,"column":34}},"36":{"start":{"line":65,"column":12},"end":{"line":65,"column":null}},"37":{"start":{"line":66,"column":12},"end":{"line":66,"column":null}},"38":{"start":{"line":69,"column":12},"end":{"line":72,"column":null}},"39":{"start":{"line":70,"column":16},"end":{"line":70,"column":45}},"40":{"start":{"line":75,"column":8},"end":{"line":75,"column":null}},"41":{"start":{"line":77,"column":4},"end":{"line":77,"column":19}},"42":{"start":{"line":59,"column":0},"end":{"line":59,"column":16}}},"fnMap":{"0":{"name":"(anonymous_0)","decl":{"start":{"line":10,"column":23},"end":{"line":10,"column":24}},"loc":{"start":{"line":10,"column":57},"end":{"line":16,"column":1}}},"1":{"name":"(anonymous_1)","decl":{"start":{"line":18,"column":28},"end":{"line":18,"column":29}},"loc":{"start":{"line":18,"column":59},"end":{"line":23,"column":1}}},"2":{"name":"(anonymous_2)","decl":{"start":{"line":19,"column":28},"end":{"line":19,"column":29}},"loc":{"start":{"line":19,"column":44},"end":{"line":21,"column":5}}},"3":{"name":"(anonymous_3)","decl":{"start":{"line":25,"column":25},"end":{"line":25,"column":26}},"loc":{"start":{"line":25,"column":42},"end":{"line":29,"column":1}}},"4":{"name":"(anonymous_4)","decl":{"start":{"line":27,"column":27},"end":{"line":27,"column":28}},"loc":{"start":{"line":27,"column":48},"end":{"line":27,"column":61}}},"5":{"name":"(anonymous_5)","decl":{"start":{"line":32,"column":23},"end":{"line":32,"column":24}},"loc":{"start":{"line":32,"column":37},"end":{"line":32,"column":52}}},"6":{"name":"addCardToFundation","decl":{"start":{"line":34,"column":9},"end":{"line":34,"column":27}},"loc":{"start":{"line":34,"column":98},"end":{"line":45,"column":1}}},"7":{"name":"game","decl":{"start":{"line":47,"column":16},"end":{"line":47,"column":20}},"loc":{"start":{"line":47,"column":57},"end":{"line":55,"column":1}}},"8":{"name":"startGame","decl":{"start":{"line":59,"column":16},"end":{"line":59,"column":25}},"loc":{"start":{"line":59,"column":38},"end":{"line":78,"column":1}}}},"branchMap":{"0":{"loc":{"start":{"line":11,"column":4},"end":{"line":13,"column":null}},"type":"if","locations":[{"start":{"line":11,"column":4},"end":{"line":13,"column":null}},{"start":{"line":11,"column":4},"end":{"line":13,"column":null}}]},"1":{"loc":{"start":{"line":11,"column":8},"end":{"line":11,"column":30}},"type":"binary-expr","locations":[{"start":{"line":11,"column":8},"end":{"line":11,"column":30}},{"start":{"line":11,"column":34},"end":{"line":11,"column":56}}]},"2":{"loc":{"start":{"line":20,"column":8},"end":{"line":20,"column":null}},"type":"if","locations":[{"start":{"line":20,"column":8},"end":{"line":20,"column":null}},{"start":{"line":20,"column":8},"end":{"line":20,"column":null}}]},"3":{"loc":{"start":{"line":20,"column":12},"end":{"line":20,"column":34}},"type":"binary-expr","locations":[{"start":{"line":20,"column":12},"end":{"line":20,"column":34}},{"start":{"line":20,"column":38},"end":{"line":20,"column":69}}]},"4":{"loc":{"start":{"line":32,"column":53},"end":{"line":32,"column":74}},"type":"binary-expr","locations":[{"start":{"line":32,"column":53},"end":{"line":32,"column":74}},{"start":{"line":32,"column":78},"end":{"line":32,"column":102}}]},"5":{"loc":{"start":{"line":35,"column":4},"end":{"line":43,"column":null}},"type":"if","locations":[{"start":{"line":35,"column":4},"end":{"line":43,"column":null}},{"start":{"line":35,"column":4},"end":{"line":43,"column":null}}]},"6":{"loc":{"start":{"line":38,"column":8},"end":{"line":42,"column":null}},"type":"if","locations":[{"start":{"line":38,"column":8},"end":{"line":42,"column":null}},{"start":{"line":38,"column":8},"end":{"line":42,"column":null}}]},"7":{"loc":{"start":{"line":38,"column":12},"end":{"line":38,"column":54}},"type":"binary-expr","locations":[{"start":{"line":38,"column":12},"end":{"line":38,"column":54}},{"start":{"line":38,"column":58},"end":{"line":38,"column":98}}]},"8":{"loc":{"start":{"line":69,"column":12},"end":{"line":72,"column":null}},"type":"if","locations":[{"start":{"line":69,"column":12},"end":{"line":72,"column":null}},{"start":{"line":69,"column":12},"end":{"line":72,"column":null}}]}},"s":{"0":1,"1":1,"2":1,"3":1,"4":1,"5":27,"6":4,"7":23,"8":1,"9":36,"10":468,"11":31,"12":1,"13":2,"14":16,"15":1,"16":8,"17":16,"18":4,"19":4,"20":4,"21":3,"22":3,"23":4,"24":4,"25":4,"26":4,"27":4,"28":1,"29":1,"30":1,"31":1,"32":7,"33":7,"34":7,"35":28,"36":28,"37":28,"38":28,"39":7,"40":7,"41":1,"42":1},"f":{"0":27,"1":36,"2":468,"3":2,"4":16,"5":8,"6":16,"7":4,"8":1},"b":{"0":[4,23],"1":[27,27],"2":[31,437],"3":[468,36],"4":[8,7],"5":[4,12],"6":[3,1],"7":[4,4],"8":[7,21]}}
,"/home/jcgouleau/IdeaProjects/solitaire/getIndexOfCard.ts": {"path":"/home/jcgouleau/IdeaProjects/solitaire/getIndexOfCard.ts","statementMap":{"0":{"start":{"line":2,"column":0},"end":{"line":2,"column":28}},"1":{"start":{"line":7,"column":4},"end":{"line":11,"column":null}},"2":{"start":{"line":8,"column":8},"end":{"line":10,"column":null}},"3":{"start":{"line":9,"column":12},"end":{"line":9,"column":17}},"4":{"start":{"line":12,"column":4},"end":{"line":12,"column":13}},"5":{"start":{"line":4,"column":0},"end":{"line":4,"column":16}}},"fnMap":{"0":{"name":"getIndexOfCard","decl":{"start":{"line":4,"column":16},"end":{"line":4,"column":30}},"loc":{"start":{"line":4,"column":41},"end":{"line":13,"column":1}}}},"branchMap":{"0":{"loc":{"start":{"line":8,"column":8},"end":{"line":10,"column":null}},"type":"if","locations":[{"start":{"line":8,"column":8},"end":{"line":10,"column":null}},{"start":{"line":8,"column":8},"end":{"line":10,"column":null}}]}},"s":{"0":1,"1":6,"2":23,"3":6,"4":6,"5":1},"f":{"0":6},"b":{"0":[6,17]}}
,"/home/jcgouleau/IdeaProjects/solitaire/shuffle.ts": {"path":"/home/jcgouleau/IdeaProjects/solitaire/shuffle.ts","statementMap":{"0":{"start":{"line":3,"column":13},"end":{"line":21,"column":2}},"1":{"start":{"line":4,"column":18},"end":{"line":4,"column":30}},"2":{"start":{"line":7,"column":4},"end":{"line":18,"column":null}},"3":{"start":{"line":9,"column":20},"end":{"line":9,"column":55}},"4":{"start":{"line":12,"column":8},"end":{"line":12,"column":18}},"5":{"start":{"line":15,"column":19},"end":{"line":15,"column":33}},"6":{"start":{"line":16,"column":8},"end":{"line":16,"column":38}},"7":{"start":{"line":17,"column":8},"end":{"line":17,"column":28}},"8":{"start":{"line":20,"column":4},"end":{"line":20,"column":17}}},"fnMap":{"0":{"name":"(anonymous_0)","decl":{"start":{"line":3,"column":23},"end":{"line":3,"column":24}},"loc":{"start":{"line":3,"column":37},"end":{"line":21,"column":1}}}},"branchMap":{},"s":{"0":1,"1":24,"2":24,"3":1248,"4":1248,"5":1248,"6":1248,"7":1248,"8":24},"f":{"0":24},"b":{}}
}
