TN:
SF:addSuit.ts
FN:7,addSuit
FNF:1
FNH:1
FNDA:14,addSuit
DA:3,1
DA:4,1
DA:5,1
DA:7,1
DA:9,14
DA:10,2
DA:11,12
DA:12,3
DA:13,9
DA:17,2
DA:18,7
DA:19,4
LF:12
LH:12
BRDA:9,0,0,2
BRDA:9,0,1,12
BRDA:9,1,0,14
BRDA:9,1,1,6
BRDA:11,2,0,3
BRDA:11,2,1,9
BRDA:13,3,0,2
BRDA:13,3,1,7
BRDA:13,4,0,9
BRDA:13,4,1,8
BRDA:13,4,2,8
BRDA:13,4,3,4
BRDA:13,4,4,3
BRDA:18,5,0,4
BRDA:18,5,1,3
BRDA:18,6,0,7
BRDA:18,6,1,6
BRDA:18,6,2,6
BRF:18
BRH:18
end_of_record
TN:
SF:color.ts
FN:1,(anonymous_0)
FNF:1
FNH:1
FNDA:1,(anonymous_0)
DA:1,1
DA:2,1
LF:2
LH:2
BRDA:1,0,0,1
BRDA:1,0,1,1
BRF:2
BRH:2
end_of_record
TN:
SF:createRandomDesk.ts
FN:6,createRandomDesk
FN:8,(anonymous_1)
FN:9,(anonymous_2)
FNF:3
FNH:3
FNDA:24,createRandomDesk
FNDA:96,(anonymous_1)
FNDA:1248,(anonymous_2)
DA:1,1
DA:2,1
DA:4,1
DA:6,1
DA:7,24
DA:8,24
DA:9,1248
DA:11,24
DA:13,24
LF:9
LH:9
BRF:0
BRH:0
end_of_record
TN:
SF:desk.ts
FN:1,(anonymous_0)
FNF:1
FNH:1
FNDA:1,(anonymous_0)
DA:1,1
DA:3,1
LF:2
LH:2
BRDA:1,0,0,1
BRDA:1,0,1,1
BRF:2
BRH:2
end_of_record
TN:
SF:draw.ts
FN:3,(anonymous_0)
FNF:1
FNH:1
FNDA:29,(anonymous_0)
DA:3,1
DA:4,29
DA:5,29
DA:6,29
DA:7,29
LF:5
LH:5
BRF:0
BRH:0
end_of_record
TN:
SF:game.ts
FN:10,(anonymous_0)
FN:18,(anonymous_1)
FN:19,(anonymous_2)
FN:25,(anonymous_3)
FN:27,(anonymous_4)
FN:32,(anonymous_5)
FN:34,addCardToFundation
FN:47,game
FN:59,startGame
FNF:9
FNH:9
FNDA:27,(anonymous_0)
FNDA:36,(anonymous_1)
FNDA:468,(anonymous_2)
FNDA:2,(anonymous_3)
FNDA:16,(anonymous_4)
FNDA:8,(anonymous_5)
FNDA:16,addCardToFundation
FNDA:4,game
FNDA:1,startGame
DA:1,1
DA:2,1
DA:6,1
DA:9,1
DA:10,1
DA:11,27
DA:12,4
DA:14,23
DA:18,1
DA:19,36
DA:20,468
DA:25,1
DA:27,16
DA:32,8
DA:35,16
DA:36,4
DA:37,4
DA:38,4
DA:39,3
DA:40,3
DA:47,1
DA:49,4
DA:50,4
DA:51,4
DA:52,4
DA:53,4
DA:59,1
DA:60,1
DA:61,1
DA:62,7
DA:63,7
DA:64,28
DA:65,28
DA:66,28
DA:69,28
DA:70,7
DA:75,7
DA:77,1
LF:38
LH:38
BRDA:11,0,0,4
BRDA:11,0,1,23
BRDA:11,1,0,27
BRDA:11,1,1,27
BRDA:20,2,0,31
BRDA:20,2,1,437
BRDA:20,3,0,468
BRDA:20,3,1,36
BRDA:32,4,0,8
BRDA:32,4,1,7
BRDA:35,5,0,4
BRDA:35,5,1,12
BRDA:38,6,0,3
BRDA:38,6,1,1
BRDA:38,7,0,4
BRDA:38,7,1,4
BRDA:69,8,0,7
BRDA:69,8,1,21
BRF:18
BRH:18
end_of_record
TN:
SF:getIndexOfCard.ts
FN:4,getIndexOfCard
FNF:1
FNH:1
FNDA:6,getIndexOfCard
DA:2,1
DA:4,1
DA:7,6
DA:8,23
DA:9,6
DA:12,6
LF:6
LH:6
BRDA:8,0,0,6
BRDA:8,0,1,17
BRF:2
BRH:2
end_of_record
TN:
SF:shuffle.ts
FN:3,(anonymous_0)
FNF:1
FNH:1
FNDA:24,(anonymous_0)
DA:3,1
DA:4,24
DA:7,24
DA:9,1248
DA:12,1248
DA:15,1248
DA:16,1248
DA:17,1248
DA:20,24
LF:9
LH:9
BRF:0
BRH:0
end_of_record
